g:\document\visual studio 2015\projects\glew\glew\debug\vc140.pdb
g:\document\visual studio 2015\projects\glew\glew\debug\vc140.idb
g:\document\visual studio 2015\projects\glew\glew\debug\coordinate.obj
g:\document\visual studio 2015\projects\glew\glew\debug\coordinatem.obj
g:\document\visual studio 2015\projects\glew\glew\debug\depthtesting.obj
g:\document\visual studio 2015\projects\glew\glew\debug\hello.obj
g:\document\visual studio 2015\projects\glew\glew\debug\color.obj
g:\document\visual studio 2015\projects\glew\glew\debug\light.obj
g:\document\visual studio 2015\projects\glew\glew\debug\lightcaster.obj
g:\document\visual studio 2015\projects\glew\glew\debug\lightcaster2.obj
g:\document\visual studio 2015\projects\glew\glew\debug\lightcaster3.obj
g:\document\visual studio 2015\projects\glew\glew\debug\lightingmaps.obj
g:\document\visual studio 2015\projects\glew\glew\debug\loadmodel.obj
g:\document\visual studio 2015\projects\glew\glew\debug\loadmodelwithlight.obj
g:\document\visual studio 2015\projects\glew\glew\debug\multilights.obj
g:\document\visual studio 2015\projects\glew\glew\debug\shaderadvanced.obj
g:\document\visual studio 2015\projects\glew\glew\debug\shaderadvanced2.obj
g:\document\visual studio 2015\projects\glew\glew\debug\shadermini.obj
g:\document\visual studio 2015\projects\glew\glew\debug\shaderprogram.obj
g:\document\visual studio 2015\projects\glew\glew\debug\spenciltesting.obj
g:\document\visual studio 2015\projects\glew\glew\debug\texture.obj
g:\document\visual studio 2015\projects\glew\glew\debug\transformation.obj
g:\document\visual studio 2015\projects\glew\glew\debug\blending.obj
g:\document\visual studio 2015\projects\glew\glew\debug\camera.obj
g:\document\visual studio 2015\projects\glew\glew\debug\camera2.obj
g:\document\visual studio 2015\projects\glew\debug\glew.ilk
g:\document\visual studio 2015\projects\glew\debug\glew.exe
g:\document\visual studio 2015\projects\glew\debug\glew.pdb
g:\document\visual studio 2015\projects\glew\glew\debug\glew.tlog\cl.command.1.tlog
g:\document\visual studio 2015\projects\glew\glew\debug\glew.tlog\cl.read.1.tlog
g:\document\visual studio 2015\projects\glew\glew\debug\glew.tlog\cl.write.1.tlog
g:\document\visual studio 2015\projects\glew\glew\debug\glew.tlog\link.command.1.tlog
g:\document\visual studio 2015\projects\glew\glew\debug\glew.tlog\link.read.1.tlog
g:\document\visual studio 2015\projects\glew\glew\debug\glew.tlog\link.write.1.tlog
